<?xml version="1.0" encoding="UTF-8"?>
<!-- Generated by org.testng.reporters.JUnitXMLReporter -->
<testsuite ignored="9" hostname="SHARDUL" failures="2" tests="10" name="Test" time="453.318" errors="0" timestamp="30 Jul 2023 07:46:59 GMT">
  <testcase classname="com.Roopkala.AUTOTEST.LehengasDropdownTEST" name="Lehengas" time="51.461"/>
  <testcase classname="com.Roopkala.AUTOTEST.cartTEST" name="Cart" time="39.972">
    <failure type="org.openqa.selenium.NoSuchElementException" message="no such element: Unable to locate element: {&amp;quot;method&amp;quot;:&amp;quot;xpath&amp;quot;,&amp;quot;selector&amp;quot;:&amp;quot;//a[contains(text(),&amp;apos;The Royal, The Flamboyant, The Graceful Red Paitha&amp;apos;)]&amp;quot;}
  (Session info: chrome=115.0.5790.110)
For documentation on this error, please visit: https://selenium.dev/exceptions/#no_such_element
Build info: version: &amp;apos;4.9.1&amp;apos;, revision: &amp;apos;eb2032df7f&amp;apos;
System info: os.name: &amp;apos;Windows 11&amp;apos;, os.arch: &amp;apos;amd64&amp;apos;, os.version: &amp;apos;10.0&amp;apos;, java.version: &amp;apos;17.0.7&amp;apos;
Driver info: org.openqa.selenium.chrome.ChromeDriver
Command: [08d077e88bf115c1f569eaf478e31b31, findElement {using=xpath, value=//a[contains(text(),&amp;apos;The Royal, The Flamboyant, The Graceful Red Paitha&amp;apos;)]}]
Capabilities {acceptInsecureCerts: false, browserName: chrome, browserVersion: 115.0.5790.110, chrome: {chromedriverVersion: 114.0.5735.90 (386bc09e8f4f..., userDataDir: C:\Users\SHARDUL\AppData\Lo...}, goog:chromeOptions: {debuggerAddress: localhost:61588}, networkConnectionEnabled: false, pageLoadStrategy: normal, platformName: windows, proxy: Proxy(), se:cdp: ws://localhost:61588/devtoo..., se:cdpVersion: 115.0.5790.110, setWindowRect: true, strictFileInteractability: false, timeouts: {implicit: 0, pageLoad: 300000, script: 30000}, unhandledPromptBehavior: dismiss and notify, webauthn:extension:credBlob: true, webauthn:extension:largeBlob: true, webauthn:extension:minPinLength: true, webauthn:extension:prf: true, webauthn:virtualAuthenticators: true}
Session ID: 08d077e88bf115c1f569eaf478e31b31">
      <![CDATA[org.openqa.selenium.NoSuchElementException: no such element: Unable to locate element: {"method":"xpath","selector":"//a[contains(text(),'The Royal, The Flamboyant, The Graceful Red Paitha')]"}
  (Session info: chrome=115.0.5790.110)
For documentation on this error, please visit: https://selenium.dev/exceptions/#no_such_element
Build info: version: '4.9.1', revision: 'eb2032df7f'
System info: os.name: 'Windows 11', os.arch: 'amd64', os.version: '10.0', java.version: '17.0.7'
Driver info: org.openqa.selenium.chrome.ChromeDriver
Command: [08d077e88bf115c1f569eaf478e31b31, findElement {using=xpath, value=//a[contains(text(),'The Royal, The Flamboyant, The Graceful Red Paitha')]}]
Capabilities {acceptInsecureCerts: false, browserName: chrome, browserVersion: 115.0.5790.110, chrome: {chromedriverVersion: 114.0.5735.90 (386bc09e8f4f..., userDataDir: C:\Users\SHARDUL\AppData\Lo...}, goog:chromeOptions: {debuggerAddress: localhost:61588}, networkConnectionEnabled: false, pageLoadStrategy: normal, platformName: windows, proxy: Proxy(), se:cdp: ws://localhost:61588/devtoo..., se:cdpVersion: 115.0.5790.110, setWindowRect: true, strictFileInteractability: false, timeouts: {implicit: 0, pageLoad: 300000, script: 30000}, unhandledPromptBehavior: dismiss and notify, webauthn:extension:credBlob: true, webauthn:extension:largeBlob: true, webauthn:extension:minPinLength: true, webauthn:extension:prf: true, webauthn:virtualAuthenticators: true}
Session ID: 08d077e88bf115c1f569eaf478e31b31
at org.openqa.selenium.remote.codec.w3c.W3CHttpResponseCodec.createException(W3CHttpResponseCodec.java:200)
at org.openqa.selenium.remote.codec.w3c.W3CHttpResponseCodec.decode(W3CHttpResponseCodec.java:133)
at org.openqa.selenium.remote.codec.w3c.W3CHttpResponseCodec.decode(W3CHttpResponseCodec.java:53)
at org.openqa.selenium.remote.HttpCommandExecutor.execute(HttpCommandExecutor.java:193)
at org.openqa.selenium.remote.service.DriverCommandExecutor.invokeExecute(DriverCommandExecutor.java:183)
at org.openqa.selenium.remote.service.DriverCommandExecutor.execute(DriverCommandExecutor.java:158)
at org.openqa.selenium.remote.RemoteWebDriver.execute(RemoteWebDriver.java:543)
at org.openqa.selenium.remote.ElementLocation$ElementFinder$2.findElement(ElementLocation.java:162)
at org.openqa.selenium.remote.ElementLocation.findElement(ElementLocation.java:60)
at org.openqa.selenium.remote.RemoteWebDriver.findElement(RemoteWebDriver.java:352)
at org.openqa.selenium.remote.RemoteWebDriver.findElement(RemoteWebDriver.java:344)
at org.openqa.selenium.support.pagefactory.DefaultElementLocator.findElement(DefaultElementLocator.java:70)
at org.openqa.selenium.support.pagefactory.internal.LocatingElementHandler.invoke(LocatingElementHandler.java:39)
at jdk.proxy2/jdk.proxy2.$Proxy21.getText(Unknown Source)
at com.Roopkala.utilities.CommonActions.click_on_Element(CommonActions.java:33)
at com.Roopkala.AUTOTEST.cartTEST.Cart(cartTEST.java:71)
... Removed 30 stack frames]]>
    </failure>
  </testcase> <!-- Cart -->
  <testcase classname="com.Roopkala.AUTOTEST.SalwarKameezDropdownTEST" name="SalwarKameezDropdown" time="42.756"/>
  <testcase classname="com.Roopkala.AUTOTEST.LoginTEST" name="Accept" time="9.503"/>
  <testcase classname="com.Roopkala.AUTOTEST.DashboardpageTEST" name="Dashboard" time="62.141"/>
  <testcase classname="com.Roopkala.AUTOTEST.SareesDropdownTEST" name="Saree" time="42.724"/>
  <testcase classname="com.Roopkala.AUTOTEST.KurtaSetsDropDownTEST" name="KurtaSets" time="21.708"/>
  <testcase classname="com.Roopkala.AUTOTEST.CollectionsDropdownTEST" name="SalwarKameezDropdown" time="52.741"/>
  <testcase classname="com.Roopkala.AUTOTEST.currencyTEST" name="Currency" time="20.427">
    <failure type="org.openqa.selenium.NoSuchElementException" message="no such element: Unable to locate element: {&amp;quot;method&amp;quot;:&amp;quot;xpath&amp;quot;,&amp;quot;selector&amp;quot;:&amp;quot;//div[contains(@class,&amp;apos;product-grid-item product product-no-swatches wd-hover-base wd-hover-with-fade wd-fade-off type-product post-185420 status-publish instock product_cat-anarkalis product_cat-collections product_cat-fresh-arrivals product_cat-pant-set product_cat-ready-to-ship-collections product_cat-salwar-kameez product_tag-bestseller has-post-thumbnail shipping-taxable purchasable product-type-variable&amp;apos;)]//div[contains(@class,&amp;apos;product-element-bottom product-information&amp;apos;)]&amp;quot;}
  (Session info: chrome=115.0.5790.110)
For documentation on this error, please visit: https://selenium.dev/exceptions/#no_such_element
Build info: version: &amp;apos;4.9.1&amp;apos;, revision: &amp;apos;eb2032df7f&amp;apos;
System info: os.name: &amp;apos;Windows 11&amp;apos;, os.arch: &amp;apos;amd64&amp;apos;, os.version: &amp;apos;10.0&amp;apos;, java.version: &amp;apos;17.0.7&amp;apos;
Driver info: org.openqa.selenium.chrome.ChromeDriver
Command: [6d746aca4aed14bad84bf8041737fbeb, findElement {using=xpath, value=//div[contains(@class,&amp;apos;product-grid-item product product-no-swatches wd-hover-base wd-hover-with-fade wd-fade-off type-product post-185420 status-publish instock product_cat-anarkalis product_cat-collections product_cat-fresh-arrivals product_cat-pant-set product_cat-ready-to-ship-collections product_cat-salwar-kameez product_tag-bestseller has-post-thumbnail shipping-taxable purchasable product-type-variable&amp;apos;)]//div[contains(@class,&amp;apos;product-element-bottom product-information&amp;apos;)]}]
Capabilities {acceptInsecureCerts: false, browserName: chrome, browserVersion: 115.0.5790.110, chrome: {chromedriverVersion: 114.0.5735.90 (386bc09e8f4f..., userDataDir: C:\Users\SHARDUL\AppData\Lo...}, goog:chromeOptions: {debuggerAddress: localhost:61846}, networkConnectionEnabled: false, pageLoadStrategy: normal, platformName: windows, proxy: Proxy(), se:cdp: ws://localhost:61846/devtoo..., se:cdpVersion: 115.0.5790.110, setWindowRect: true, strictFileInteractability: false, timeouts: {implicit: 0, pageLoad: 300000, script: 30000}, unhandledPromptBehavior: dismiss and notify, webauthn:extension:credBlob: true, webauthn:extension:largeBlob: true, webauthn:extension:minPinLength: true, webauthn:extension:prf: true, webauthn:virtualAuthenticators: true}
Session ID: 6d746aca4aed14bad84bf8041737fbeb">
      <![CDATA[org.openqa.selenium.NoSuchElementException: no such element: Unable to locate element: {"method":"xpath","selector":"//div[contains(@class,'product-grid-item product product-no-swatches wd-hover-base wd-hover-with-fade wd-fade-off type-product post-185420 status-publish instock product_cat-anarkalis product_cat-collections product_cat-fresh-arrivals product_cat-pant-set product_cat-ready-to-ship-collections product_cat-salwar-kameez product_tag-bestseller has-post-thumbnail shipping-taxable purchasable product-type-variable')]//div[contains(@class,'product-element-bottom product-information')]"}
  (Session info: chrome=115.0.5790.110)
For documentation on this error, please visit: https://selenium.dev/exceptions/#no_such_element
Build info: version: '4.9.1', revision: 'eb2032df7f'
System info: os.name: 'Windows 11', os.arch: 'amd64', os.version: '10.0', java.version: '17.0.7'
Driver info: org.openqa.selenium.chrome.ChromeDriver
Command: [6d746aca4aed14bad84bf8041737fbeb, findElement {using=xpath, value=//div[contains(@class,'product-grid-item product product-no-swatches wd-hover-base wd-hover-with-fade wd-fade-off type-product post-185420 status-publish instock product_cat-anarkalis product_cat-collections product_cat-fresh-arrivals product_cat-pant-set product_cat-ready-to-ship-collections product_cat-salwar-kameez product_tag-bestseller has-post-thumbnail shipping-taxable purchasable product-type-variable')]//div[contains(@class,'product-element-bottom product-information')]}]
Capabilities {acceptInsecureCerts: false, browserName: chrome, browserVersion: 115.0.5790.110, chrome: {chromedriverVersion: 114.0.5735.90 (386bc09e8f4f..., userDataDir: C:\Users\SHARDUL\AppData\Lo...}, goog:chromeOptions: {debuggerAddress: localhost:61846}, networkConnectionEnabled: false, pageLoadStrategy: normal, platformName: windows, proxy: Proxy(), se:cdp: ws://localhost:61846/devtoo..., se:cdpVersion: 115.0.5790.110, setWindowRect: true, strictFileInteractability: false, timeouts: {implicit: 0, pageLoad: 300000, script: 30000}, unhandledPromptBehavior: dismiss and notify, webauthn:extension:credBlob: true, webauthn:extension:largeBlob: true, webauthn:extension:minPinLength: true, webauthn:extension:prf: true, webauthn:virtualAuthenticators: true}
Session ID: 6d746aca4aed14bad84bf8041737fbeb
at org.openqa.selenium.remote.codec.w3c.W3CHttpResponseCodec.createException(W3CHttpResponseCodec.java:200)
at org.openqa.selenium.remote.codec.w3c.W3CHttpResponseCodec.decode(W3CHttpResponseCodec.java:133)
at org.openqa.selenium.remote.codec.w3c.W3CHttpResponseCodec.decode(W3CHttpResponseCodec.java:53)
at org.openqa.selenium.remote.HttpCommandExecutor.execute(HttpCommandExecutor.java:193)
at org.openqa.selenium.remote.service.DriverCommandExecutor.invokeExecute(DriverCommandExecutor.java:183)
at org.openqa.selenium.remote.service.DriverCommandExecutor.execute(DriverCommandExecutor.java:158)
at org.openqa.selenium.remote.RemoteWebDriver.execute(RemoteWebDriver.java:543)
at org.openqa.selenium.remote.ElementLocation$ElementFinder$2.findElement(ElementLocation.java:162)
at org.openqa.selenium.remote.ElementLocation.findElement(ElementLocation.java:60)
at org.openqa.selenium.remote.RemoteWebDriver.findElement(RemoteWebDriver.java:352)
at org.openqa.selenium.remote.RemoteWebDriver.findElement(RemoteWebDriver.java:344)
at com.Roopkala.AUTOTEST.currencyTEST.Currency(currencyTEST.java:44)
... Removed 30 stack frames]]>
    </failure>
  </testcase> <!-- Currency -->
  <testcase classname="com.Roopkala.AUTOTEST.GownsDropdownTEST" name="Gowns" time="26.33"/>
  <testcase classname="com.Roopkala.Base.BasePage" name="@AfterSuite openReport" time="0.0">
    <ignored/>
  </testcase> <!-- @AfterSuite openReport -->
  <testcase classname="com.Roopkala.Base.BasePage" name="@AfterSuite openReport" time="0.0">
    <ignored/>
  </testcase> <!-- @AfterSuite openReport -->
  <testcase classname="com.Roopkala.Base.BasePage" name="@AfterSuite openReport" time="0.0">
    <ignored/>
  </testcase> <!-- @AfterSuite openReport -->
  <testcase classname="com.Roopkala.Base.BasePage" name="@AfterSuite openReport" time="0.0">
    <ignored/>
  </testcase> <!-- @AfterSuite openReport -->
  <testcase classname="com.Roopkala.Base.BasePage" name="@AfterSuite openReport" time="0.0">
    <ignored/>
  </testcase> <!-- @AfterSuite openReport -->
  <testcase classname="com.Roopkala.Base.BasePage" name="@AfterSuite openReport" time="0.0">
    <ignored/>
  </testcase> <!-- @AfterSuite openReport -->
  <testcase classname="com.Roopkala.Base.BasePage" name="@AfterSuite openReport" time="0.0">
    <ignored/>
  </testcase> <!-- @AfterSuite openReport -->
  <testcase classname="com.Roopkala.Base.BasePage" name="@AfterSuite openReport" time="0.0">
    <ignored/>
  </testcase> <!-- @AfterSuite openReport -->
  <testcase classname="com.Roopkala.Base.BasePage" name="@AfterSuite openReport" time="0.0">
    <ignored/>
  </testcase> <!-- @AfterSuite openReport -->
</testsuite> <!-- Test -->
