<!DOCTYPE html PUBLIC "-//W3C//DTD XHTML 1.1//EN" "http://www.w3.org/TR/xhtml11/DTD/xhtml11.dtd">
<html xmlns="http://www.w3.org/1999/xhtml">
<head>
<meta http-equiv="content-type" content="text/html; charset=UTF-8"/>
<title>TestNG Report</title>
<style type="text/css">table {margin-bottom:10px;border-collapse:collapse;empty-cells:show}th,td {border:1px solid #009;padding:.25em .5em}th {vertical-align:bottom}td {vertical-align:top}table a {font-weight:bold}.stripe td {background-color: #E6EBF9}.num {text-align:right}.passedodd td {background-color: #3F3}.passedeven td {background-color: #0A0}.skippedodd td {background-color: #DDD}.skippedeven td {background-color: #CCC}.failedodd td,.attn {background-color: #F33}.failedeven td,.stripe .attn {background-color: #D00}.stacktrace {white-space:pre;font-family:monospace}.totop {font-size:85%;text-align:center;border-bottom:2px solid #000}.invisible {display:none}</style>
</head>
<body>
<table>
<tr><th>Test</th><th># Passed</th><th># Skipped</th><th># Failed</th><th>Time (ms)</th><th>Included Groups</th><th>Excluded Groups</th></tr>
<tr><th colspan="7">Suite</th></tr>
<tr><td><a href="#t0">Test</a></td><td class="num">8</td><td class="num">0</td><td class="num attn">2</td><td class="num">453,318</td><td></td><td></td></tr>
</table>
<table id='summary'><thead><tr><th>Class</th><th>Method</th><th>Start</th><th>Time (ms)</th></tr></thead><tbody><tr><th colspan="4">Suite</th></tr></tbody><tbody id="t0"><tr><th colspan="4">Test &#8212; failed</th></tr><tr class="failedeven"><td rowspan="1">com.Roopkala.AUTOTEST.cartTEST</td><td><a href="#m0">Cart</a></td><td rowspan="1">1690702834268</td><td rowspan="1">39972</td></tr><tr class="failedodd"><td rowspan="1">com.Roopkala.AUTOTEST.currencyTEST</td><td><a href="#m1">Currency</a></td><td rowspan="1">1690703160175</td><td rowspan="1">20427</td></tr><tr><th colspan="4">Test &#8212; passed</th></tr><tr class="passedeven"><td rowspan="1">com.Roopkala.AUTOTEST.CollectionsDropdownTEST</td><td><a href="#m2">SalwarKameezDropdown</a></td><td rowspan="1">1690703100042</td><td rowspan="1">52741</td></tr><tr class="passedodd"><td rowspan="1">com.Roopkala.AUTOTEST.DashboardpageTEST</td><td><a href="#m3">Dashboard</a></td><td rowspan="1">1690702952784</td><td rowspan="1">62141</td></tr><tr class="passedeven"><td rowspan="1">com.Roopkala.AUTOTEST.GownsDropdownTEST</td><td><a href="#m4">Gowns</a></td><td rowspan="1">1690703192880</td><td rowspan="1">26330</td></tr><tr class="passedodd"><td rowspan="1">com.Roopkala.AUTOTEST.KurtaSetsDropDownTEST</td><td><a href="#m5">KurtaSets</a></td><td rowspan="1">1690703071440</td><td rowspan="1">21708</td></tr><tr class="passedeven"><td rowspan="1">com.Roopkala.AUTOTEST.LehengasDropdownTEST</td><td><a href="#m6">Lehengas</a></td><td rowspan="1">1690702775853</td><td rowspan="1">51461</td></tr><tr class="passedodd"><td rowspan="1">com.Roopkala.AUTOTEST.LoginTEST</td><td><a href="#m7">Accept</a></td><td rowspan="1">1690702935977</td><td rowspan="1">9503</td></tr><tr class="passedeven"><td rowspan="1">com.Roopkala.AUTOTEST.SalwarKameezDropdownTEST</td><td><a href="#m8">SalwarKameezDropdown</a></td><td rowspan="1">1690702886103</td><td rowspan="1">42756</td></tr><tr class="passedodd"><td rowspan="1">com.Roopkala.AUTOTEST.SareesDropdownTEST</td><td><a href="#m9">Saree</a></td><td rowspan="1">1690703022400</td><td rowspan="1">42724</td></tr></tbody>
</table>
<h2>Test</h2><h3 id="m0">com.Roopkala.AUTOTEST.cartTEST#Cart</h3><table class="result"><tr><th>Exception</th></tr><tr><td><div class="stacktrace">org.openqa.selenium.NoSuchElementException: no such element: Unable to locate element: {&quot;method&quot;:&quot;xpath&quot;,&quot;selector&quot;:&quot;//a[contains(text(),&apos;The Royal, The Flamboyant, The Graceful Red Paitha&apos;)]&quot;}
  (Session info: chrome=115.0.5790.110)
For documentation on this error, please visit: https://selenium.dev/exceptions/#no_such_element
Build info: version: &apos;4.9.1&apos;, revision: &apos;eb2032df7f&apos;
System info: os.name: &apos;Windows 11&apos;, os.arch: &apos;amd64&apos;, os.version: &apos;10.0&apos;, java.version: &apos;17.0.7&apos;
Driver info: org.openqa.selenium.chrome.ChromeDriver
Command: [08d077e88bf115c1f569eaf478e31b31, findElement {using=xpath, value=//a[contains(text(),&apos;The Royal, The Flamboyant, The Graceful Red Paitha&apos;)]}]
Capabilities {acceptInsecureCerts: false, browserName: chrome, browserVersion: 115.0.5790.110, chrome: {chromedriverVersion: 114.0.5735.90 (386bc09e8f4f..., userDataDir: C:\Users\SHARDUL\AppData\Lo...}, goog:chromeOptions: {debuggerAddress: localhost:61588}, networkConnectionEnabled: false, pageLoadStrategy: normal, platformName: windows, proxy: Proxy(), se:cdp: ws://localhost:61588/devtoo..., se:cdpVersion: 115.0.5790.110, setWindowRect: true, strictFileInteractability: false, timeouts: {implicit: 0, pageLoad: 300000, script: 30000}, unhandledPromptBehavior: dismiss and notify, webauthn:extension:credBlob: true, webauthn:extension:largeBlob: true, webauthn:extension:minPinLength: true, webauthn:extension:prf: true, webauthn:virtualAuthenticators: true}
Session ID: 08d077e88bf115c1f569eaf478e31b31
	at org.openqa.selenium.remote.codec.w3c.W3CHttpResponseCodec.createException(W3CHttpResponseCodec.java:200)
	at org.openqa.selenium.remote.codec.w3c.W3CHttpResponseCodec.decode(W3CHttpResponseCodec.java:133)
	at org.openqa.selenium.remote.codec.w3c.W3CHttpResponseCodec.decode(W3CHttpResponseCodec.java:53)
	at org.openqa.selenium.remote.HttpCommandExecutor.execute(HttpCommandExecutor.java:193)
	at org.openqa.selenium.remote.service.DriverCommandExecutor.invokeExecute(DriverCommandExecutor.java:183)
	at org.openqa.selenium.remote.service.DriverCommandExecutor.execute(DriverCommandExecutor.java:158)
	at org.openqa.selenium.remote.RemoteWebDriver.execute(RemoteWebDriver.java:543)
	at org.openqa.selenium.remote.ElementLocation$ElementFinder$2.findElement(ElementLocation.java:162)
	at org.openqa.selenium.remote.ElementLocation.findElement(ElementLocation.java:60)
	at org.openqa.selenium.remote.RemoteWebDriver.findElement(RemoteWebDriver.java:352)
	at org.openqa.selenium.remote.RemoteWebDriver.findElement(RemoteWebDriver.java:344)
	at org.openqa.selenium.support.pagefactory.DefaultElementLocator.findElement(DefaultElementLocator.java:70)
	at org.openqa.selenium.support.pagefactory.internal.LocatingElementHandler.invoke(LocatingElementHandler.java:39)
	at jdk.proxy2/jdk.proxy2.$Proxy21.getText(Unknown Source)
	at com.Roopkala.utilities.CommonActions.click_on_Element(CommonActions.java:33)
	at com.Roopkala.AUTOTEST.cartTEST.Cart(cartTEST.java:71)
... Removed 30 stack frames</div></td></tr></table><p class="totop"><a href="#summary">back to summary</a></p>
<h3 id="m1">com.Roopkala.AUTOTEST.currencyTEST#Currency</h3><table class="result"><tr><th>Exception</th></tr><tr><td><div class="stacktrace">org.openqa.selenium.NoSuchElementException: no such element: Unable to locate element: {&quot;method&quot;:&quot;xpath&quot;,&quot;selector&quot;:&quot;//div[contains(@class,&apos;product-grid-item product product-no-swatches wd-hover-base wd-hover-with-fade wd-fade-off type-product post-185420 status-publish instock product_cat-anarkalis product_cat-collections product_cat-fresh-arrivals product_cat-pant-set product_cat-ready-to-ship-collections product_cat-salwar-kameez product_tag-bestseller has-post-thumbnail shipping-taxable purchasable product-type-variable&apos;)]//div[contains(@class,&apos;product-element-bottom product-information&apos;)]&quot;}
  (Session info: chrome=115.0.5790.110)
For documentation on this error, please visit: https://selenium.dev/exceptions/#no_such_element
Build info: version: &apos;4.9.1&apos;, revision: &apos;eb2032df7f&apos;
System info: os.name: &apos;Windows 11&apos;, os.arch: &apos;amd64&apos;, os.version: &apos;10.0&apos;, java.version: &apos;17.0.7&apos;
Driver info: org.openqa.selenium.chrome.ChromeDriver
Command: [6d746aca4aed14bad84bf8041737fbeb, findElement {using=xpath, value=//div[contains(@class,&apos;product-grid-item product product-no-swatches wd-hover-base wd-hover-with-fade wd-fade-off type-product post-185420 status-publish instock product_cat-anarkalis product_cat-collections product_cat-fresh-arrivals product_cat-pant-set product_cat-ready-to-ship-collections product_cat-salwar-kameez product_tag-bestseller has-post-thumbnail shipping-taxable purchasable product-type-variable&apos;)]//div[contains(@class,&apos;product-element-bottom product-information&apos;)]}]
Capabilities {acceptInsecureCerts: false, browserName: chrome, browserVersion: 115.0.5790.110, chrome: {chromedriverVersion: 114.0.5735.90 (386bc09e8f4f..., userDataDir: C:\Users\SHARDUL\AppData\Lo...}, goog:chromeOptions: {debuggerAddress: localhost:61846}, networkConnectionEnabled: false, pageLoadStrategy: normal, platformName: windows, proxy: Proxy(), se:cdp: ws://localhost:61846/devtoo..., se:cdpVersion: 115.0.5790.110, setWindowRect: true, strictFileInteractability: false, timeouts: {implicit: 0, pageLoad: 300000, script: 30000}, unhandledPromptBehavior: dismiss and notify, webauthn:extension:credBlob: true, webauthn:extension:largeBlob: true, webauthn:extension:minPinLength: true, webauthn:extension:prf: true, webauthn:virtualAuthenticators: true}
Session ID: 6d746aca4aed14bad84bf8041737fbeb
	at org.openqa.selenium.remote.codec.w3c.W3CHttpResponseCodec.createException(W3CHttpResponseCodec.java:200)
	at org.openqa.selenium.remote.codec.w3c.W3CHttpResponseCodec.decode(W3CHttpResponseCodec.java:133)
	at org.openqa.selenium.remote.codec.w3c.W3CHttpResponseCodec.decode(W3CHttpResponseCodec.java:53)
	at org.openqa.selenium.remote.HttpCommandExecutor.execute(HttpCommandExecutor.java:193)
	at org.openqa.selenium.remote.service.DriverCommandExecutor.invokeExecute(DriverCommandExecutor.java:183)
	at org.openqa.selenium.remote.service.DriverCommandExecutor.execute(DriverCommandExecutor.java:158)
	at org.openqa.selenium.remote.RemoteWebDriver.execute(RemoteWebDriver.java:543)
	at org.openqa.selenium.remote.ElementLocation$ElementFinder$2.findElement(ElementLocation.java:162)
	at org.openqa.selenium.remote.ElementLocation.findElement(ElementLocation.java:60)
	at org.openqa.selenium.remote.RemoteWebDriver.findElement(RemoteWebDriver.java:352)
	at org.openqa.selenium.remote.RemoteWebDriver.findElement(RemoteWebDriver.java:344)
	at com.Roopkala.AUTOTEST.currencyTEST.Currency(currencyTEST.java:44)
... Removed 30 stack frames</div></td></tr></table><p class="totop"><a href="#summary">back to summary</a></p>
<h3 id="m2">com.Roopkala.AUTOTEST.CollectionsDropdownTEST#SalwarKameezDropdown</h3><table class="result"><tr><th class="invisible"/></tr></table><p class="totop"><a href="#summary">back to summary</a></p>
<h3 id="m3">com.Roopkala.AUTOTEST.DashboardpageTEST#Dashboard</h3><table class="result"><tr><th class="invisible"/></tr></table><p class="totop"><a href="#summary">back to summary</a></p>
<h3 id="m4">com.Roopkala.AUTOTEST.GownsDropdownTEST#Gowns</h3><table class="result"><tr><th class="invisible"/></tr></table><p class="totop"><a href="#summary">back to summary</a></p>
<h3 id="m5">com.Roopkala.AUTOTEST.KurtaSetsDropDownTEST#KurtaSets</h3><table class="result"><tr><th class="invisible"/></tr></table><p class="totop"><a href="#summary">back to summary</a></p>
<h3 id="m6">com.Roopkala.AUTOTEST.LehengasDropdownTEST#Lehengas</h3><table class="result"><tr><th class="invisible"/></tr></table><p class="totop"><a href="#summary">back to summary</a></p>
<h3 id="m7">com.Roopkala.AUTOTEST.LoginTEST#Accept</h3><table class="result"><tr><th class="invisible"/></tr></table><p class="totop"><a href="#summary">back to summary</a></p>
<h3 id="m8">com.Roopkala.AUTOTEST.SalwarKameezDropdownTEST#SalwarKameezDropdown</h3><table class="result"><tr><th class="invisible"/></tr></table><p class="totop"><a href="#summary">back to summary</a></p>
<h3 id="m9">com.Roopkala.AUTOTEST.SareesDropdownTEST#Saree</h3><table class="result"><tr><th class="invisible"/></tr></table><p class="totop"><a href="#summary">back to summary</a></p>
</body>
</html>
