<?xml version="1.0" encoding="UTF-8"?>
<testng-results ignored="9" total="19" passed="8" failed="2" skipped="0">
  <reporter-output>
  </reporter-output>
  <suite started-at="2023-07-30T07:39:26Z" name="Suite" finished-at="2023-07-30T07:46:59Z" duration-ms="453318">
    <groups>
    </groups>
    <test started-at="2023-07-30T07:39:26Z" name="Test" finished-at="2023-07-30T07:46:59Z" duration-ms="453318">
      <class name="com.Roopkala.AUTOTEST.SalwarKameezDropdownTEST">
        <test-method is-config="true" signature="chrome()[pri:0, instance:com.Roopkala.AUTOTEST.SalwarKameezDropdownTEST@2f4205be]" started-at="2023-07-30T07:41:19Z" name="chrome" finished-at="2023-07-30T07:41:26Z" duration-ms="6324" status="PASS">
          <reporter-output>
          </reporter-output>
        </test-method> <!-- chrome -->
        <test-method signature="SalwarKameezDropdown()[pri:0, instance:com.Roopkala.AUTOTEST.SalwarKameezDropdownTEST@2f4205be]" started-at="2023-07-30T07:41:26Z" name="SalwarKameezDropdown" description="To Validate the SalwarKameezDropdown" finished-at="2023-07-30T07:42:08Z" duration-ms="42756" status="PASS">
          <reporter-output>
          </reporter-output>
        </test-method> <!-- SalwarKameezDropdown -->
        <test-method is-config="true" signature="teardown()[pri:0, instance:com.Roopkala.AUTOTEST.SalwarKameezDropdownTEST@2f4205be]" started-at="2023-07-30T07:42:08Z" name="teardown" finished-at="2023-07-30T07:42:09Z" duration-ms="306" status="PASS">
          <reporter-output>
          </reporter-output>
        </test-method> <!-- teardown -->
      </class> <!-- com.Roopkala.AUTOTEST.SalwarKameezDropdownTEST -->
      <class name="com.Roopkala.AUTOTEST.currencyTEST">
        <test-method is-config="true" signature="chrome()[pri:0, instance:com.Roopkala.AUTOTEST.currencyTEST@3569fc08]" started-at="2023-07-30T07:45:53Z" name="chrome" finished-at="2023-07-30T07:46:00Z" duration-ms="7117" status="PASS">
          <reporter-output>
          </reporter-output>
        </test-method> <!-- chrome -->
        <test-method signature="Currency()[pri:0, instance:com.Roopkala.AUTOTEST.currencyTEST@3569fc08]" started-at="2023-07-30T07:46:00Z" name="Currency" description="To Validate the currency  " finished-at="2023-07-30T07:46:20Z" duration-ms="20427" status="FAIL">
          <exception class="org.openqa.selenium.NoSuchElementException">
            <message>
              <![CDATA[no such element: Unable to locate element: {"method":"xpath","selector":"//div[contains(@class,'product-grid-item product product-no-swatches wd-hover-base wd-hover-with-fade wd-fade-off type-product post-185420 status-publish instock product_cat-anarkalis product_cat-collections product_cat-fresh-arrivals product_cat-pant-set product_cat-ready-to-ship-collections product_cat-salwar-kameez product_tag-bestseller has-post-thumbnail shipping-taxable purchasable product-type-variable')]//div[contains(@class,'product-element-bottom product-information')]"}
  (Session info: chrome=115.0.5790.110)
For documentation on this error, please visit: https://selenium.dev/exceptions/#no_such_element
Build info: version: '4.9.1', revision: 'eb2032df7f'
System info: os.name: 'Windows 11', os.arch: 'amd64', os.version: '10.0', java.version: '17.0.7'
Driver info: org.openqa.selenium.chrome.ChromeDriver
Command: [6d746aca4aed14bad84bf8041737fbeb, findElement {using=xpath, value=//div[contains(@class,'product-grid-item product product-no-swatches wd-hover-base wd-hover-with-fade wd-fade-off type-product post-185420 status-publish instock product_cat-anarkalis product_cat-collections product_cat-fresh-arrivals product_cat-pant-set product_cat-ready-to-ship-collections product_cat-salwar-kameez product_tag-bestseller has-post-thumbnail shipping-taxable purchasable product-type-variable')]//div[contains(@class,'product-element-bottom product-information')]}]
Capabilities {acceptInsecureCerts: false, browserName: chrome, browserVersion: 115.0.5790.110, chrome: {chromedriverVersion: 114.0.5735.90 (386bc09e8f4f..., userDataDir: C:\Users\SHARDUL\AppData\Lo...}, goog:chromeOptions: {debuggerAddress: localhost:61846}, networkConnectionEnabled: false, pageLoadStrategy: normal, platformName: windows, proxy: Proxy(), se:cdp: ws://localhost:61846/devtoo..., se:cdpVersion: 115.0.5790.110, setWindowRect: true, strictFileInteractability: false, timeouts: {implicit: 0, pageLoad: 300000, script: 30000}, unhandledPromptBehavior: dismiss and notify, webauthn:extension:credBlob: true, webauthn:extension:largeBlob: true, webauthn:extension:minPinLength: true, webauthn:extension:prf: true, webauthn:virtualAuthenticators: true}
Session ID: 6d746aca4aed14bad84bf8041737fbeb]]>
            </message>
            <full-stacktrace>
              <![CDATA[org.openqa.selenium.NoSuchElementException: no such element: Unable to locate element: {"method":"xpath","selector":"//div[contains(@class,'product-grid-item product product-no-swatches wd-hover-base wd-hover-with-fade wd-fade-off type-product post-185420 status-publish instock product_cat-anarkalis product_cat-collections product_cat-fresh-arrivals product_cat-pant-set product_cat-ready-to-ship-collections product_cat-salwar-kameez product_tag-bestseller has-post-thumbnail shipping-taxable purchasable product-type-variable')]//div[contains(@class,'product-element-bottom product-information')]"}
  (Session info: chrome=115.0.5790.110)
For documentation on this error, please visit: https://selenium.dev/exceptions/#no_such_element
Build info: version: '4.9.1', revision: 'eb2032df7f'
System info: os.name: 'Windows 11', os.arch: 'amd64', os.version: '10.0', java.version: '17.0.7'
Driver info: org.openqa.selenium.chrome.ChromeDriver
Command: [6d746aca4aed14bad84bf8041737fbeb, findElement {using=xpath, value=//div[contains(@class,'product-grid-item product product-no-swatches wd-hover-base wd-hover-with-fade wd-fade-off type-product post-185420 status-publish instock product_cat-anarkalis product_cat-collections product_cat-fresh-arrivals product_cat-pant-set product_cat-ready-to-ship-collections product_cat-salwar-kameez product_tag-bestseller has-post-thumbnail shipping-taxable purchasable product-type-variable')]//div[contains(@class,'product-element-bottom product-information')]}]
Capabilities {acceptInsecureCerts: false, browserName: chrome, browserVersion: 115.0.5790.110, chrome: {chromedriverVersion: 114.0.5735.90 (386bc09e8f4f..., userDataDir: C:\Users\SHARDUL\AppData\Lo...}, goog:chromeOptions: {debuggerAddress: localhost:61846}, networkConnectionEnabled: false, pageLoadStrategy: normal, platformName: windows, proxy: Proxy(), se:cdp: ws://localhost:61846/devtoo..., se:cdpVersion: 115.0.5790.110, setWindowRect: true, strictFileInteractability: false, timeouts: {implicit: 0, pageLoad: 300000, script: 30000}, unhandledPromptBehavior: dismiss and notify, webauthn:extension:credBlob: true, webauthn:extension:largeBlob: true, webauthn:extension:minPinLength: true, webauthn:extension:prf: true, webauthn:virtualAuthenticators: true}
Session ID: 6d746aca4aed14bad84bf8041737fbeb
at java.base/jdk.internal.reflect.NativeConstructorAccessorImpl.newInstance0(Native Method)
at java.base/jdk.internal.reflect.NativeConstructorAccessorImpl.newInstance(NativeConstructorAccessorImpl.java:77)
at java.base/jdk.internal.reflect.DelegatingConstructorAccessorImpl.newInstance(DelegatingConstructorAccessorImpl.java:45)
at java.base/java.lang.reflect.Constructor.newInstanceWithCaller(Constructor.java:499)
at java.base/java.lang.reflect.Constructor.newInstance(Constructor.java:480)
at org.openqa.selenium.remote.codec.w3c.W3CHttpResponseCodec.createException(W3CHttpResponseCodec.java:200)
at org.openqa.selenium.remote.codec.w3c.W3CHttpResponseCodec.decode(W3CHttpResponseCodec.java:133)
at org.openqa.selenium.remote.codec.w3c.W3CHttpResponseCodec.decode(W3CHttpResponseCodec.java:53)
at org.openqa.selenium.remote.HttpCommandExecutor.execute(HttpCommandExecutor.java:193)
at org.openqa.selenium.remote.service.DriverCommandExecutor.invokeExecute(DriverCommandExecutor.java:183)
at org.openqa.selenium.remote.service.DriverCommandExecutor.execute(DriverCommandExecutor.java:158)
at org.openqa.selenium.remote.RemoteWebDriver.execute(RemoteWebDriver.java:543)
at org.openqa.selenium.remote.ElementLocation$ElementFinder$2.findElement(ElementLocation.java:162)
at org.openqa.selenium.remote.ElementLocation.findElement(ElementLocation.java:60)
at org.openqa.selenium.remote.RemoteWebDriver.findElement(RemoteWebDriver.java:352)
at org.openqa.selenium.remote.RemoteWebDriver.findElement(RemoteWebDriver.java:344)
at com.Roopkala.AUTOTEST.currencyTEST.Currency(currencyTEST.java:44)
at java.base/jdk.internal.reflect.NativeMethodAccessorImpl.invoke0(Native Method)
at java.base/jdk.internal.reflect.NativeMethodAccessorImpl.invoke(NativeMethodAccessorImpl.java:77)
at java.base/jdk.internal.reflect.DelegatingMethodAccessorImpl.invoke(DelegatingMethodAccessorImpl.java:43)
at java.base/java.lang.reflect.Method.invoke(Method.java:568)
at org.testng.internal.MethodInvocationHelper.invokeMethod(MethodInvocationHelper.java:124)
at org.testng.internal.Invoker.invokeMethod(Invoker.java:583)
at org.testng.internal.Invoker.invokeTestMethod(Invoker.java:719)
at org.testng.internal.Invoker.invokeTestMethods(Invoker.java:989)
at org.testng.internal.TestMethodWorker.invokeTestMethods(TestMethodWorker.java:125)
at org.testng.internal.TestMethodWorker.run(TestMethodWorker.java:109)
at org.testng.TestRunner.privateRun(TestRunner.java:648)
at org.testng.TestRunner.run(TestRunner.java:505)
at org.testng.SuiteRunner.runTest(SuiteRunner.java:455)
at org.testng.SuiteRunner.runSequentially(SuiteRunner.java:450)
at org.testng.SuiteRunner.privateRun(SuiteRunner.java:415)
at org.testng.SuiteRunner.run(SuiteRunner.java:364)
at org.testng.SuiteRunnerWorker.runSuite(SuiteRunnerWorker.java:52)
at org.testng.SuiteRunnerWorker.run(SuiteRunnerWorker.java:84)
at org.testng.TestNG.runSuitesSequentially(TestNG.java:1208)
at org.testng.TestNG.runSuitesLocally(TestNG.java:1137)
at org.testng.TestNG.runSuites(TestNG.java:1049)
at org.testng.TestNG.run(TestNG.java:1017)
at org.testng.remote.AbstractRemoteTestNG.run(AbstractRemoteTestNG.java:115)
at org.testng.remote.RemoteTestNG.initAndRun(RemoteTestNG.java:251)
at org.testng.remote.RemoteTestNG.main(RemoteTestNG.java:77)
]]>
            </full-stacktrace>
          </exception> <!-- org.openqa.selenium.NoSuchElementException -->
          <reporter-output>
          </reporter-output>
        </test-method> <!-- Currency -->
        <test-method is-config="true" signature="teardown()[pri:0, instance:com.Roopkala.AUTOTEST.currencyTEST@3569fc08]" started-at="2023-07-30T07:46:25Z" name="teardown" finished-at="2023-07-30T07:46:26Z" duration-ms="277" status="PASS">
          <reporter-output>
          </reporter-output>
        </test-method> <!-- teardown -->
      </class> <!-- com.Roopkala.AUTOTEST.currencyTEST -->
      <class name="com.Roopkala.AUTOTEST.LehengasDropdownTEST">
        <test-method is-config="true" signature="chrome()[pri:0, instance:com.Roopkala.AUTOTEST.LehengasDropdownTEST@319bc845]" started-at="2023-07-30T07:39:26Z" name="chrome" finished-at="2023-07-30T07:39:35Z" duration-ms="9506" status="PASS">
          <reporter-output>
          </reporter-output>
        </test-method> <!-- chrome -->
        <test-method signature="Lehengas()[pri:0, instance:com.Roopkala.AUTOTEST.LehengasDropdownTEST@319bc845]" started-at="2023-07-30T07:39:35Z" name="Lehengas" description="To Validate the LehengasDropdown" finished-at="2023-07-30T07:40:27Z" duration-ms="51461" status="PASS">
          <reporter-output>
          </reporter-output>
        </test-method> <!-- Lehengas -->
        <test-method is-config="true" signature="teardown()[pri:0, instance:com.Roopkala.AUTOTEST.LehengasDropdownTEST@319bc845]" started-at="2023-07-30T07:40:27Z" name="teardown" finished-at="2023-07-30T07:40:27Z" duration-ms="314" status="PASS">
          <reporter-output>
          </reporter-output>
        </test-method> <!-- teardown -->
        <test-method is-config="true" signature="openReport()[pri:0, instance:com.Roopkala.AUTOTEST.LehengasDropdownTEST@319bc845]" started-at="2023-07-30T07:46:59Z" name="openReport" finished-at="2023-07-30T07:47:00Z" duration-ms="286" status="PASS">
          <reporter-output>
          </reporter-output>
        </test-method> <!-- openReport -->
      </class> <!-- com.Roopkala.AUTOTEST.LehengasDropdownTEST -->
      <class name="com.Roopkala.AUTOTEST.SareesDropdownTEST">
        <test-method is-config="true" signature="chrome()[pri:0, instance:com.Roopkala.AUTOTEST.SareesDropdownTEST@544820b7]" started-at="2023-07-30T07:43:35Z" name="chrome" finished-at="2023-07-30T07:43:42Z" duration-ms="7223" status="PASS">
          <reporter-output>
          </reporter-output>
        </test-method> <!-- chrome -->
        <test-method signature="Saree()[pri:0, instance:com.Roopkala.AUTOTEST.SareesDropdownTEST@544820b7]" started-at="2023-07-30T07:43:42Z" name="Saree" description="To Validate the SareesDropdown" finished-at="2023-07-30T07:44:25Z" duration-ms="42724" status="PASS">
          <reporter-output>
          </reporter-output>
        </test-method> <!-- Saree -->
        <test-method is-config="true" signature="teardown()[pri:0, instance:com.Roopkala.AUTOTEST.SareesDropdownTEST@544820b7]" started-at="2023-07-30T07:44:25Z" name="teardown" finished-at="2023-07-30T07:44:25Z" duration-ms="254" status="PASS">
          <reporter-output>
          </reporter-output>
        </test-method> <!-- teardown -->
      </class> <!-- com.Roopkala.AUTOTEST.SareesDropdownTEST -->
      <class name="com.Roopkala.AUTOTEST.DashboardpageTEST">
        <test-method is-config="true" signature="chrome()[pri:0, instance:com.Roopkala.AUTOTEST.DashboardpageTEST@3bd418e4]" started-at="2023-07-30T07:42:25Z" name="chrome" finished-at="2023-07-30T07:42:32Z" duration-ms="7070" status="PASS">
          <reporter-output>
          </reporter-output>
        </test-method> <!-- chrome -->
        <test-method signature="Dashboard()[pri:0, instance:com.Roopkala.AUTOTEST.DashboardpageTEST@3bd418e4]" started-at="2023-07-30T07:42:32Z" name="Dashboard" description="To Validate the search   " finished-at="2023-07-30T07:43:34Z" duration-ms="62141" status="PASS">
          <reporter-output>
          </reporter-output>
        </test-method> <!-- Dashboard -->
        <test-method is-config="true" signature="teardown()[pri:0, instance:com.Roopkala.AUTOTEST.DashboardpageTEST@3bd418e4]" started-at="2023-07-30T07:43:34Z" name="teardown" finished-at="2023-07-30T07:43:35Z" duration-ms="250" status="PASS">
          <reporter-output>
          </reporter-output>
        </test-method> <!-- teardown -->
      </class> <!-- com.Roopkala.AUTOTEST.DashboardpageTEST -->
      <class name="com.Roopkala.AUTOTEST.LoginTEST">
        <test-method is-config="true" signature="chrome()[pri:0, instance:com.Roopkala.AUTOTEST.LoginTEST@54e22bdd]" started-at="2023-07-30T07:42:09Z" name="chrome" finished-at="2023-07-30T07:42:15Z" duration-ms="6810" status="PASS">
          <reporter-output>
          </reporter-output>
        </test-method> <!-- chrome -->
        <test-method signature="Accept()[pri:0, instance:com.Roopkala.AUTOTEST.LoginTEST@54e22bdd]" started-at="2023-07-30T07:42:15Z" name="Accept" description="To Validate the login page " finished-at="2023-07-30T07:42:25Z" duration-ms="9503" status="PASS">
          <reporter-output>
          </reporter-output>
        </test-method> <!-- Accept -->
        <test-method is-config="true" signature="teardown()[pri:0, instance:com.Roopkala.AUTOTEST.LoginTEST@54e22bdd]" started-at="2023-07-30T07:42:25Z" name="teardown" finished-at="2023-07-30T07:42:25Z" duration-ms="232" status="PASS">
          <reporter-output>
          </reporter-output>
        </test-method> <!-- teardown -->
      </class> <!-- com.Roopkala.AUTOTEST.LoginTEST -->
      <class name="com.Roopkala.AUTOTEST.CollectionsDropdownTEST">
        <test-method is-config="true" signature="chrome()[pri:0, instance:com.Roopkala.AUTOTEST.CollectionsDropdownTEST@2e61d218]" started-at="2023-07-30T07:44:53Z" name="chrome" finished-at="2023-07-30T07:45:00Z" duration-ms="6589" status="PASS">
          <reporter-output>
          </reporter-output>
        </test-method> <!-- chrome -->
        <test-method signature="SalwarKameezDropdown()[pri:0, instance:com.Roopkala.AUTOTEST.CollectionsDropdownTEST@2e61d218]" started-at="2023-07-30T07:45:00Z" name="SalwarKameezDropdown" description="To Validate the CollectionsDropdown" finished-at="2023-07-30T07:45:52Z" duration-ms="52741" status="PASS">
          <reporter-output>
          </reporter-output>
        </test-method> <!-- SalwarKameezDropdown -->
        <test-method is-config="true" signature="teardown()[pri:0, instance:com.Roopkala.AUTOTEST.CollectionsDropdownTEST@2e61d218]" started-at="2023-07-30T07:45:52Z" name="teardown" finished-at="2023-07-30T07:45:53Z" duration-ms="271" status="PASS">
          <reporter-output>
          </reporter-output>
        </test-method> <!-- teardown -->
      </class> <!-- com.Roopkala.AUTOTEST.CollectionsDropdownTEST -->
      <class name="com.Roopkala.AUTOTEST.cartTEST">
        <test-method is-config="true" signature="chrome()[pri:0, instance:com.Roopkala.AUTOTEST.cartTEST@4c5474f5]" started-at="2023-07-30T07:40:27Z" name="chrome" finished-at="2023-07-30T07:40:34Z" duration-ms="6610" status="PASS">
          <reporter-output>
          </reporter-output>
        </test-method> <!-- chrome -->
        <test-method signature="Cart()[pri:0, instance:com.Roopkala.AUTOTEST.cartTEST@4c5474f5]" started-at="2023-07-30T07:40:34Z" name="Cart" description="To Validate the Shopping Cart  " finished-at="2023-07-30T07:41:14Z" duration-ms="39972" status="FAIL">
          <exception class="org.openqa.selenium.NoSuchElementException">
            <message>
              <![CDATA[no such element: Unable to locate element: {"method":"xpath","selector":"//a[contains(text(),'The Royal, The Flamboyant, The Graceful Red Paitha')]"}
  (Session info: chrome=115.0.5790.110)
For documentation on this error, please visit: https://selenium.dev/exceptions/#no_such_element
Build info: version: '4.9.1', revision: 'eb2032df7f'
System info: os.name: 'Windows 11', os.arch: 'amd64', os.version: '10.0', java.version: '17.0.7'
Driver info: org.openqa.selenium.chrome.ChromeDriver
Command: [08d077e88bf115c1f569eaf478e31b31, findElement {using=xpath, value=//a[contains(text(),'The Royal, The Flamboyant, The Graceful Red Paitha')]}]
Capabilities {acceptInsecureCerts: false, browserName: chrome, browserVersion: 115.0.5790.110, chrome: {chromedriverVersion: 114.0.5735.90 (386bc09e8f4f..., userDataDir: C:\Users\SHARDUL\AppData\Lo...}, goog:chromeOptions: {debuggerAddress: localhost:61588}, networkConnectionEnabled: false, pageLoadStrategy: normal, platformName: windows, proxy: Proxy(), se:cdp: ws://localhost:61588/devtoo..., se:cdpVersion: 115.0.5790.110, setWindowRect: true, strictFileInteractability: false, timeouts: {implicit: 0, pageLoad: 300000, script: 30000}, unhandledPromptBehavior: dismiss and notify, webauthn:extension:credBlob: true, webauthn:extension:largeBlob: true, webauthn:extension:minPinLength: true, webauthn:extension:prf: true, webauthn:virtualAuthenticators: true}
Session ID: 08d077e88bf115c1f569eaf478e31b31]]>
            </message>
            <full-stacktrace>
              <![CDATA[org.openqa.selenium.NoSuchElementException: no such element: Unable to locate element: {"method":"xpath","selector":"//a[contains(text(),'The Royal, The Flamboyant, The Graceful Red Paitha')]"}
  (Session info: chrome=115.0.5790.110)
For documentation on this error, please visit: https://selenium.dev/exceptions/#no_such_element
Build info: version: '4.9.1', revision: 'eb2032df7f'
System info: os.name: 'Windows 11', os.arch: 'amd64', os.version: '10.0', java.version: '17.0.7'
Driver info: org.openqa.selenium.chrome.ChromeDriver
Command: [08d077e88bf115c1f569eaf478e31b31, findElement {using=xpath, value=//a[contains(text(),'The Royal, The Flamboyant, The Graceful Red Paitha')]}]
Capabilities {acceptInsecureCerts: false, browserName: chrome, browserVersion: 115.0.5790.110, chrome: {chromedriverVersion: 114.0.5735.90 (386bc09e8f4f..., userDataDir: C:\Users\SHARDUL\AppData\Lo...}, goog:chromeOptions: {debuggerAddress: localhost:61588}, networkConnectionEnabled: false, pageLoadStrategy: normal, platformName: windows, proxy: Proxy(), se:cdp: ws://localhost:61588/devtoo..., se:cdpVersion: 115.0.5790.110, setWindowRect: true, strictFileInteractability: false, timeouts: {implicit: 0, pageLoad: 300000, script: 30000}, unhandledPromptBehavior: dismiss and notify, webauthn:extension:credBlob: true, webauthn:extension:largeBlob: true, webauthn:extension:minPinLength: true, webauthn:extension:prf: true, webauthn:virtualAuthenticators: true}
Session ID: 08d077e88bf115c1f569eaf478e31b31
at java.base/jdk.internal.reflect.NativeConstructorAccessorImpl.newInstance0(Native Method)
at java.base/jdk.internal.reflect.NativeConstructorAccessorImpl.newInstance(NativeConstructorAccessorImpl.java:77)
at java.base/jdk.internal.reflect.DelegatingConstructorAccessorImpl.newInstance(DelegatingConstructorAccessorImpl.java:45)
at java.base/java.lang.reflect.Constructor.newInstanceWithCaller(Constructor.java:499)
at java.base/java.lang.reflect.Constructor.newInstance(Constructor.java:480)
at org.openqa.selenium.remote.codec.w3c.W3CHttpResponseCodec.createException(W3CHttpResponseCodec.java:200)
at org.openqa.selenium.remote.codec.w3c.W3CHttpResponseCodec.decode(W3CHttpResponseCodec.java:133)
at org.openqa.selenium.remote.codec.w3c.W3CHttpResponseCodec.decode(W3CHttpResponseCodec.java:53)
at org.openqa.selenium.remote.HttpCommandExecutor.execute(HttpCommandExecutor.java:193)
at org.openqa.selenium.remote.service.DriverCommandExecutor.invokeExecute(DriverCommandExecutor.java:183)
at org.openqa.selenium.remote.service.DriverCommandExecutor.execute(DriverCommandExecutor.java:158)
at org.openqa.selenium.remote.RemoteWebDriver.execute(RemoteWebDriver.java:543)
at org.openqa.selenium.remote.ElementLocation$ElementFinder$2.findElement(ElementLocation.java:162)
at org.openqa.selenium.remote.ElementLocation.findElement(ElementLocation.java:60)
at org.openqa.selenium.remote.RemoteWebDriver.findElement(RemoteWebDriver.java:352)
at org.openqa.selenium.remote.RemoteWebDriver.findElement(RemoteWebDriver.java:344)
at org.openqa.selenium.support.pagefactory.DefaultElementLocator.findElement(DefaultElementLocator.java:70)
at org.openqa.selenium.support.pagefactory.internal.LocatingElementHandler.invoke(LocatingElementHandler.java:39)
at jdk.proxy2/jdk.proxy2.$Proxy21.getText(Unknown Source)
at com.Roopkala.utilities.CommonActions.click_on_Element(CommonActions.java:33)
at com.Roopkala.AUTOTEST.cartTEST.Cart(cartTEST.java:71)
at java.base/jdk.internal.reflect.NativeMethodAccessorImpl.invoke0(Native Method)
at java.base/jdk.internal.reflect.NativeMethodAccessorImpl.invoke(NativeMethodAccessorImpl.java:77)
at java.base/jdk.internal.reflect.DelegatingMethodAccessorImpl.invoke(DelegatingMethodAccessorImpl.java:43)
at java.base/java.lang.reflect.Method.invoke(Method.java:568)
at org.testng.internal.MethodInvocationHelper.invokeMethod(MethodInvocationHelper.java:124)
at org.testng.internal.Invoker.invokeMethod(Invoker.java:583)
at org.testng.internal.Invoker.invokeTestMethod(Invoker.java:719)
at org.testng.internal.Invoker.invokeTestMethods(Invoker.java:989)
at org.testng.internal.TestMethodWorker.invokeTestMethods(TestMethodWorker.java:125)
at org.testng.internal.TestMethodWorker.run(TestMethodWorker.java:109)
at org.testng.TestRunner.privateRun(TestRunner.java:648)
at org.testng.TestRunner.run(TestRunner.java:505)
at org.testng.SuiteRunner.runTest(SuiteRunner.java:455)
at org.testng.SuiteRunner.runSequentially(SuiteRunner.java:450)
at org.testng.SuiteRunner.privateRun(SuiteRunner.java:415)
at org.testng.SuiteRunner.run(SuiteRunner.java:364)
at org.testng.SuiteRunnerWorker.runSuite(SuiteRunnerWorker.java:52)
at org.testng.SuiteRunnerWorker.run(SuiteRunnerWorker.java:84)
at org.testng.TestNG.runSuitesSequentially(TestNG.java:1208)
at org.testng.TestNG.runSuitesLocally(TestNG.java:1137)
at org.testng.TestNG.runSuites(TestNG.java:1049)
at org.testng.TestNG.run(TestNG.java:1017)
at org.testng.remote.AbstractRemoteTestNG.run(AbstractRemoteTestNG.java:115)
at org.testng.remote.RemoteTestNG.initAndRun(RemoteTestNG.java:251)
at org.testng.remote.RemoteTestNG.main(RemoteTestNG.java:77)
]]>
            </full-stacktrace>
          </exception> <!-- org.openqa.selenium.NoSuchElementException -->
          <reporter-output>
          </reporter-output>
        </test-method> <!-- Cart -->
        <test-method is-config="true" signature="teardown()[pri:0, instance:com.Roopkala.AUTOTEST.cartTEST@4c5474f5]" started-at="2023-07-30T07:41:19Z" name="teardown" finished-at="2023-07-30T07:41:19Z" duration-ms="339" status="PASS">
          <reporter-output>
          </reporter-output>
        </test-method> <!-- teardown -->
      </class> <!-- com.Roopkala.AUTOTEST.cartTEST -->
      <class name="com.Roopkala.AUTOTEST.KurtaSetsDropDownTEST">
        <test-method is-config="true" signature="chrome()[pri:0, instance:com.Roopkala.AUTOTEST.KurtaSetsDropDownTEST@6b98a075]" started-at="2023-07-30T07:44:25Z" name="chrome" finished-at="2023-07-30T07:44:31Z" duration-ms="6058" status="PASS">
          <reporter-output>
          </reporter-output>
        </test-method> <!-- chrome -->
        <test-method signature="KurtaSets()[pri:0, instance:com.Roopkala.AUTOTEST.KurtaSetsDropDownTEST@6b98a075]" started-at="2023-07-30T07:44:31Z" name="KurtaSets" description="To Validate the KurtaSetsDropDown" finished-at="2023-07-30T07:44:53Z" duration-ms="21708" status="PASS">
          <reporter-output>
          </reporter-output>
        </test-method> <!-- KurtaSets -->
        <test-method is-config="true" signature="teardown()[pri:0, instance:com.Roopkala.AUTOTEST.KurtaSetsDropDownTEST@6b98a075]" started-at="2023-07-30T07:44:53Z" name="teardown" finished-at="2023-07-30T07:44:53Z" duration-ms="301" status="PASS">
          <reporter-output>
          </reporter-output>
        </test-method> <!-- teardown -->
      </class> <!-- com.Roopkala.AUTOTEST.KurtaSetsDropDownTEST -->
      <class name="com.Roopkala.AUTOTEST.GownsDropdownTEST">
        <test-method is-config="true" signature="chrome()[pri:0, instance:com.Roopkala.AUTOTEST.GownsDropdownTEST@20b12f8a]" started-at="2023-07-30T07:46:26Z" name="chrome" finished-at="2023-07-30T07:46:32Z" duration-ms="6780" status="PASS">
          <reporter-output>
          </reporter-output>
        </test-method> <!-- chrome -->
        <test-method signature="Gowns()[pri:0, instance:com.Roopkala.AUTOTEST.GownsDropdownTEST@20b12f8a]" started-at="2023-07-30T07:46:32Z" name="Gowns" description="To Validate the GownsDropdown" finished-at="2023-07-30T07:46:59Z" duration-ms="26330" status="PASS">
          <reporter-output>
          </reporter-output>
        </test-method> <!-- Gowns -->
        <test-method is-config="true" signature="teardown()[pri:0, instance:com.Roopkala.AUTOTEST.GownsDropdownTEST@20b12f8a]" started-at="2023-07-30T07:46:59Z" name="teardown" finished-at="2023-07-30T07:46:59Z" duration-ms="308" status="PASS">
          <reporter-output>
          </reporter-output>
        </test-method> <!-- teardown -->
      </class> <!-- com.Roopkala.AUTOTEST.GownsDropdownTEST -->
    </test> <!-- Test -->
  </suite> <!-- Suite -->
</testng-results>
